<?xml version="1.0" encoding="UTF-8"?>
<testsuite name="com.jojoldu.book.springboot.web.IndexControllerTest" tests="1" skipped="0" failures="0" errors="0" timestamp="2023-11-08T08:47:07" hostname="지돌" time="0.343">
  <properties/>
  <testcase name="메인페이지_로딩" classname="com.jojoldu.book.springboot.web.IndexControllerTest" time="0.343"/>
  <system-out><![CDATA[2023-11-08 17:47:02.915  INFO 15496 --- [    Test worker] .b.t.c.SpringBootTestContextBootstrapper : Neither @ContextConfiguration nor @ContextHierarchy found for test class [com.jojoldu.book.springboot.web.IndexControllerTest], using SpringBootContextLoader
2023-11-08 17:47:02.918  INFO 15496 --- [    Test worker] o.s.t.c.support.AbstractContextLoader    : Could not detect default resource locations for test class [com.jojoldu.book.springboot.web.IndexControllerTest]: no resource found for suffixes {-context.xml, Context.groovy}.
2023-11-08 17:47:02.918  INFO 15496 --- [    Test worker] t.c.s.AnnotationConfigContextLoaderUtils : Could not detect default configuration classes for test class [com.jojoldu.book.springboot.web.IndexControllerTest]: IndexControllerTest does not declare any static, non-private, non-final, nested classes annotated with @Configuration.
2023-11-08 17:47:02.921  INFO 15496 --- [    Test worker] .b.t.c.SpringBootTestContextBootstrapper : Found @SpringBootConfiguration com.jojoldu.book.springboot.Application for test class com.jojoldu.book.springboot.web.IndexControllerTest
2023-11-08 17:47:02.925  INFO 15496 --- [    Test worker] .b.t.c.SpringBootTestContextBootstrapper : Loaded default TestExecutionListener class names from location [META-INF/spring.factories]: [org.springframework.security.test.context.support.WithSecurityContextTestExecutionListener, org.springframework.security.test.context.support.ReactorContextTestExecutionListener, org.springframework.boot.test.autoconfigure.restdocs.RestDocsTestExecutionListener, org.springframework.boot.test.autoconfigure.web.client.MockRestServiceServerResetTestExecutionListener, org.springframework.boot.test.autoconfigure.web.servlet.MockMvcPrintOnlyOnFailureTestExecutionListener, org.springframework.boot.test.autoconfigure.web.servlet.WebDriverTestExecutionListener, org.springframework.boot.test.mock.mockito.MockitoTestExecutionListener, org.springframework.boot.test.mock.mockito.ResetMocksTestExecutionListener, org.springframework.test.context.web.ServletTestExecutionListener, org.springframework.test.context.support.DirtiesContextBeforeModesTestExecutionListener, org.springframework.test.context.support.DependencyInjectionTestExecutionListener, org.springframework.test.context.support.DirtiesContextTestExecutionListener, org.springframework.test.context.transaction.TransactionalTestExecutionListener, org.springframework.test.context.jdbc.SqlScriptsTestExecutionListener]
2023-11-08 17:47:02.928  INFO 15496 --- [    Test worker] .b.t.c.SpringBootTestContextBootstrapper : Using TestExecutionListeners: [org.springframework.test.context.web.ServletTestExecutionListener@7531e9e1, org.springframework.test.context.support.DirtiesContextBeforeModesTestExecutionListener@5a5951a9, org.springframework.boot.test.mock.mockito.MockitoTestExecutionListener@4527285c, org.springframework.boot.test.autoconfigure.SpringBootDependencyInjectionTestExecutionListener@433ab175, org.springframework.test.context.support.DirtiesContextTestExecutionListener@39be2612, org.springframework.test.context.transaction.TransactionalTestExecutionListener@297afc95, org.springframework.test.context.jdbc.SqlScriptsTestExecutionListener@55e3442e, org.springframework.security.test.context.support.WithSecurityContextTestExecutionListener@43c4e6fe, org.springframework.security.test.context.support.ReactorContextTestExecutionListener@b02c622, org.springframework.boot.test.autoconfigure.restdocs.RestDocsTestExecutionListener@75e21d83, org.springframework.boot.test.autoconfigure.web.client.MockRestServiceServerResetTestExecutionListener@3a6ff525, org.springframework.boot.test.autoconfigure.web.servlet.MockMvcPrintOnlyOnFailureTestExecutionListener@5e780780, org.springframework.boot.test.autoconfigure.web.servlet.WebDriverTestExecutionListener@43d6e9bb, org.springframework.boot.test.mock.mockito.ResetMocksTestExecutionListener@263dfa47]

  .   ____          _            __ _ _
 /\\ / ___'_ __ _ _(_)_ __  __ _ \ \ \ \
( ( )\___ | '_ | '_| | '_ \/ _` | \ \ \ \
 \\/  ___)| |_)| | | | | || (_| |  ) ) ) )
  '  |____| .__|_| |_|_| |_\__, | / / / /
 =========|_|==============|___/=/_/_/_/
 :: Spring Boot ::        (v2.1.7.RELEASE)

2023-11-08 17:47:03.009  INFO 15496 --- [    Test worker] c.j.b.s.web.IndexControllerTest          : Starting IndexControllerTest on 지돌 with PID 15496 (started by jeost in C:\work\Java project 1\freelec-springboot2-webservice2)
2023-11-08 17:47:03.009  INFO 15496 --- [    Test worker] c.j.b.s.web.IndexControllerTest          : No active profile set, falling back to default profiles: default
2023-11-08 17:47:03.429  INFO 15496 --- [    Test worker] .s.d.r.c.RepositoryConfigurationDelegate : Bootstrapping Spring Data repositories in DEFAULT mode.
2023-11-08 17:47:03.486  INFO 15496 --- [    Test worker] .s.d.r.c.RepositoryConfigurationDelegate : Finished Spring Data repository scanning in 57ms. Found 2 repository interfaces.
2023-11-08 17:47:03.676  INFO 15496 --- [    Test worker] trationDelegate$BeanPostProcessorChecker : Bean 'org.springframework.transaction.annotation.ProxyTransactionManagementConfiguration' of type [org.springframework.transaction.annotation.ProxyTransactionManagementConfiguration$$EnhancerBySpringCGLIB$$5dcd09a8] is not eligible for getting processed by all BeanPostProcessors (for example: not eligible for auto-proxying)
2023-11-08 17:47:04.209  INFO 15496 --- [    Test worker] o.s.b.w.embedded.tomcat.TomcatWebServer  : Tomcat initialized with port(s): 0 (http)
2023-11-08 17:47:04.256  INFO 15496 --- [    Test worker] o.apache.catalina.core.StandardService   : Starting service [Tomcat]
2023-11-08 17:47:04.257  INFO 15496 --- [    Test worker] org.apache.catalina.core.StandardEngine  : Starting Servlet engine: [Apache Tomcat/9.0.22]
2023-11-08 17:47:04.537  INFO 15496 --- [    Test worker] o.a.c.c.C.[Tomcat].[localhost].[/]       : Initializing Spring embedded WebApplicationContext
2023-11-08 17:47:04.537  INFO 15496 --- [    Test worker] o.s.web.context.ContextLoader            : Root WebApplicationContext: initialization completed in 1522 ms
2023-11-08 17:47:04.911  INFO 15496 --- [    Test worker] com.zaxxer.hikari.HikariDataSource       : HikariPool-2 - Starting...
2023-11-08 17:47:04.913  INFO 15496 --- [    Test worker] com.zaxxer.hikari.HikariDataSource       : HikariPool-2 - Start completed.
2023-11-08 17:47:04.995  INFO 15496 --- [    Test worker] o.hibernate.jpa.internal.util.LogHelper  : HHH000204: Processing PersistenceUnitInfo [
	name: default
	...]
2023-11-08 17:47:05.019  INFO 15496 --- [    Test worker] org.hibernate.dialect.Dialect            : HHH000400: Using dialect: org.hibernate.dialect.MySQL5InnoDBDialect
Hibernate: drop table if exists posts
Hibernate: drop table if exists user
Hibernate: create table posts (id bigint not null auto_increment, created_date datetime, modified_date datetime, author varchar(255), content TEXT not null, title varchar(500) not null, primary key (id)) engine=InnoDB
Hibernate: create table user (id bigint not null auto_increment, created_date datetime, modified_date datetime, email varchar(255) not null, name varchar(255) not null, picture varchar(255), role varchar(255) not null, primary key (id)) engine=InnoDB
2023-11-08 17:47:05.135  INFO 15496 --- [    Test worker] o.h.t.schema.internal.SchemaCreatorImpl  : HHH000476: Executing import script 'org.hibernate.tool.schema.internal.exec.ScriptSourceInputNonExistentImpl@30e25cc2'
2023-11-08 17:47:05.136  INFO 15496 --- [    Test worker] j.LocalContainerEntityManagerFactoryBean : Initialized JPA EntityManagerFactory for persistence unit 'default'
2023-11-08 17:47:05.867  INFO 15496 --- [    Test worker] o.h.h.i.QueryTranslatorFactoryInitiator  : HHH000397: Using ASTQueryTranslatorFactory
2023-11-08 17:47:06.208  INFO 15496 --- [    Test worker] o.s.s.web.DefaultSecurityFilterChain     : Creating filter chain: any request, [org.springframework.security.web.context.request.async.WebAsyncManagerIntegrationFilter@3b1b5dbd, org.springframework.security.web.context.SecurityContextPersistenceFilter@7bfa9b12, org.springframework.security.web.header.HeaderWriterFilter@47c29292, org.springframework.security.web.authentication.logout.LogoutFilter@51e439f5, org.springframework.security.oauth2.client.web.OAuth2AuthorizationRequestRedirectFilter@312f102b, org.springframework.security.oauth2.client.web.OAuth2LoginAuthenticationFilter@1cbb6fd8, org.springframework.security.web.authentication.ui.DefaultLoginPageGeneratingFilter@7ee91f31, org.springframework.security.web.authentication.ui.DefaultLogoutPageGeneratingFilter@25b046f4, org.springframework.security.web.savedrequest.RequestCacheAwareFilter@14678ba7, org.springframework.security.web.servletapi.SecurityContextHolderAwareRequestFilter@47e2cdbb, org.springframework.security.web.authentication.AnonymousAuthenticationFilter@6c57a421, org.springframework.security.web.session.SessionManagementFilter@9f6189e, org.springframework.security.web.access.ExceptionTranslationFilter@35db4537, org.springframework.security.web.access.intercept.FilterSecurityInterceptor@5339b183]
2023-11-08 17:47:06.728  INFO 15496 --- [    Test worker] o.s.s.concurrent.ThreadPoolTaskExecutor  : Initializing ExecutorService 'applicationTaskExecutor'
2023-11-08 17:47:06.761  WARN 15496 --- [    Test worker] aWebConfiguration$JpaWebMvcConfiguration : spring.jpa.open-in-view is enabled by default. Therefore, database queries may be performed during view rendering. Explicitly configure spring.jpa.open-in-view to disable this warning
2023-11-08 17:47:06.826  INFO 15496 --- [    Test worker] o.s.b.a.w.s.WelcomePageHandlerMapping    : Adding welcome page template: index
2023-11-08 17:47:07.451  INFO 15496 --- [    Test worker] s.a.ScheduledAnnotationBeanPostProcessor : No TaskScheduler/ScheduledExecutorService bean found for scheduled processing
2023-11-08 17:47:07.496  INFO 15496 --- [    Test worker] o.s.b.w.embedded.tomcat.TomcatWebServer  : Tomcat started on port(s): 51843 (http) with context path ''
2023-11-08 17:47:07.497  INFO 15496 --- [    Test worker] c.j.b.s.web.IndexControllerTest          : Started IndexControllerTest in 4.565 seconds (JVM running for 19.069)
2023-11-08 17:47:07.683  INFO 15496 --- [o-auto-1-exec-1] o.a.c.c.C.[Tomcat].[localhost].[/]       : Initializing Spring DispatcherServlet 'dispatcherServlet'
2023-11-08 17:47:07.683  INFO 15496 --- [o-auto-1-exec-1] o.s.web.servlet.DispatcherServlet        : Initializing Servlet 'dispatcherServlet'
2023-11-08 17:47:07.729  INFO 15496 --- [o-auto-1-exec-1] o.s.web.servlet.DispatcherServlet        : Completed initialization in 46 ms
Hibernate: select posts0_.id as id1_0_, posts0_.created_date as created_2_0_, posts0_.modified_date as modified3_0_, posts0_.author as author4_0_, posts0_.content as content5_0_, posts0_.title as title6_0_ from posts posts0_ order by posts0_.id DESC
]]></system-out>
  <system-err><![CDATA[]]></system-err>
</testsuite>
