<?xml version="1.0" encoding="UTF-8"?>
<testsuite name="com.jojoldu.book.springboot.domain.posts.PostsRepositoryTest" tests="2" skipped="0" failures="0" errors="0" timestamp="2023-11-08T08:47:02" hostname="지돌" time="0.407">
  <properties/>
  <testcase name="게시글저장_불러오기" classname="com.jojoldu.book.springboot.domain.posts.PostsRepositoryTest" time="0.384"/>
  <testcase name="BaseTimeEntity_등록" classname="com.jojoldu.book.springboot.domain.posts.PostsRepositoryTest" time="0.022"/>
  <system-out><![CDATA[2023-11-08 17:46:54.733  INFO 15496 --- [    Test worker] .b.t.c.SpringBootTestContextBootstrapper : Neither @ContextConfiguration nor @ContextHierarchy found for test class [com.jojoldu.book.springboot.domain.posts.PostsRepositoryTest], using SpringBootContextLoader
2023-11-08 17:46:54.735  INFO 15496 --- [    Test worker] o.s.t.c.support.AbstractContextLoader    : Could not detect default resource locations for test class [com.jojoldu.book.springboot.domain.posts.PostsRepositoryTest]: no resource found for suffixes {-context.xml, Context.groovy}.
2023-11-08 17:46:54.735  INFO 15496 --- [    Test worker] t.c.s.AnnotationConfigContextLoaderUtils : Could not detect default configuration classes for test class [com.jojoldu.book.springboot.domain.posts.PostsRepositoryTest]: PostsRepositoryTest does not declare any static, non-private, non-final, nested classes annotated with @Configuration.
2023-11-08 17:46:54.752  INFO 15496 --- [    Test worker] .b.t.c.SpringBootTestContextBootstrapper : Found @SpringBootConfiguration com.jojoldu.book.springboot.Application for test class com.jojoldu.book.springboot.domain.posts.PostsRepositoryTest
2023-11-08 17:46:54.756  INFO 15496 --- [    Test worker] .b.t.c.SpringBootTestContextBootstrapper : Loaded default TestExecutionListener class names from location [META-INF/spring.factories]: [org.springframework.security.test.context.support.WithSecurityContextTestExecutionListener, org.springframework.security.test.context.support.ReactorContextTestExecutionListener, org.springframework.boot.test.autoconfigure.restdocs.RestDocsTestExecutionListener, org.springframework.boot.test.autoconfigure.web.client.MockRestServiceServerResetTestExecutionListener, org.springframework.boot.test.autoconfigure.web.servlet.MockMvcPrintOnlyOnFailureTestExecutionListener, org.springframework.boot.test.autoconfigure.web.servlet.WebDriverTestExecutionListener, org.springframework.boot.test.mock.mockito.MockitoTestExecutionListener, org.springframework.boot.test.mock.mockito.ResetMocksTestExecutionListener, org.springframework.test.context.web.ServletTestExecutionListener, org.springframework.test.context.support.DirtiesContextBeforeModesTestExecutionListener, org.springframework.test.context.support.DependencyInjectionTestExecutionListener, org.springframework.test.context.support.DirtiesContextTestExecutionListener, org.springframework.test.context.transaction.TransactionalTestExecutionListener, org.springframework.test.context.jdbc.SqlScriptsTestExecutionListener]
2023-11-08 17:46:54.758  INFO 15496 --- [    Test worker] .b.t.c.SpringBootTestContextBootstrapper : Using TestExecutionListeners: [org.springframework.test.context.web.ServletTestExecutionListener@289dbd0e, org.springframework.test.context.support.DirtiesContextBeforeModesTestExecutionListener@7ba56714, org.springframework.boot.test.mock.mockito.MockitoTestExecutionListener@5db5a579, org.springframework.boot.test.autoconfigure.SpringBootDependencyInjectionTestExecutionListener@379fc530, org.springframework.test.context.support.DirtiesContextTestExecutionListener@72af6b00, org.springframework.test.context.transaction.TransactionalTestExecutionListener@22622f86, org.springframework.test.context.jdbc.SqlScriptsTestExecutionListener@520cc8de, org.springframework.security.test.context.support.WithSecurityContextTestExecutionListener@1bf331ea, org.springframework.security.test.context.support.ReactorContextTestExecutionListener@128daeff, org.springframework.boot.test.autoconfigure.restdocs.RestDocsTestExecutionListener@2120bd37, org.springframework.boot.test.autoconfigure.web.client.MockRestServiceServerResetTestExecutionListener@155ecbf5, org.springframework.boot.test.autoconfigure.web.servlet.MockMvcPrintOnlyOnFailureTestExecutionListener@17a0d4d5, org.springframework.boot.test.autoconfigure.web.servlet.WebDriverTestExecutionListener@68a56a88, org.springframework.boot.test.mock.mockito.ResetMocksTestExecutionListener@4c48abae]

  .   ____          _            __ _ _
 /\\ / ___'_ __ _ _(_)_ __  __ _ \ \ \ \
( ( )\___ | '_ | '_| | '_ \/ _` | \ \ \ \
 \\/  ___)| |_)| | | | | || (_| |  ) ) ) )
  '  |____| .__|_| |_|_| |_\__, | / / / /
 =========|_|==============|___/=/_/_/_/
 :: Spring Boot ::        (v2.1.7.RELEASE)

2023-11-08 17:46:54.815  INFO 15496 --- [    Test worker] c.j.b.s.d.posts.PostsRepositoryTest      : Starting PostsRepositoryTest on 지돌 with PID 15496 (started by jeost in C:\work\Java project 1\freelec-springboot2-webservice2)
2023-11-08 17:46:54.816  INFO 15496 --- [    Test worker] c.j.b.s.d.posts.PostsRepositoryTest      : No active profile set, falling back to default profiles: default
2023-11-08 17:46:55.680  INFO 15496 --- [    Test worker] .s.d.r.c.RepositoryConfigurationDelegate : Bootstrapping Spring Data repositories in DEFAULT mode.
2023-11-08 17:46:55.809  INFO 15496 --- [    Test worker] .s.d.r.c.RepositoryConfigurationDelegate : Finished Spring Data repository scanning in 112ms. Found 2 repository interfaces.
2023-11-08 17:46:56.235  INFO 15496 --- [    Test worker] trationDelegate$BeanPostProcessorChecker : Bean 'org.springframework.transaction.annotation.ProxyTransactionManagementConfiguration' of type [org.springframework.transaction.annotation.ProxyTransactionManagementConfiguration$$EnhancerBySpringCGLIB$$5dcd09a8] is not eligible for getting processed by all BeanPostProcessors (for example: not eligible for auto-proxying)
2023-11-08 17:46:56.551  INFO 15496 --- [    Test worker] com.zaxxer.hikari.HikariDataSource       : HikariPool-1 - Starting...
2023-11-08 17:46:56.848  INFO 15496 --- [    Test worker] com.zaxxer.hikari.HikariDataSource       : HikariPool-1 - Start completed.
2023-11-08 17:46:57.009  INFO 15496 --- [    Test worker] o.hibernate.jpa.internal.util.LogHelper  : HHH000204: Processing PersistenceUnitInfo [
	name: default
	...]
2023-11-08 17:46:57.152  INFO 15496 --- [    Test worker] org.hibernate.Version                    : HHH000412: Hibernate Core {5.3.10.Final}
2023-11-08 17:46:57.155  INFO 15496 --- [    Test worker] org.hibernate.cfg.Environment            : HHH000206: hibernate.properties not found
2023-11-08 17:46:57.246  INFO 15496 --- [    Test worker] o.hibernate.annotations.common.Version   : HCANN000001: Hibernate Commons Annotations {5.0.4.Final}
2023-11-08 17:46:57.542  INFO 15496 --- [    Test worker] org.hibernate.dialect.Dialect            : HHH000400: Using dialect: org.hibernate.dialect.MySQL5InnoDBDialect
Hibernate: drop table if exists posts
Hibernate: drop table if exists user
Hibernate: create table posts (id bigint not null auto_increment, created_date datetime, modified_date datetime, author varchar(255), content TEXT not null, title varchar(500) not null, primary key (id)) engine=InnoDB
Hibernate: create table user (id bigint not null auto_increment, created_date datetime, modified_date datetime, email varchar(255) not null, name varchar(255) not null, picture varchar(255), role varchar(255) not null, primary key (id)) engine=InnoDB
2023-11-08 17:46:58.913  INFO 15496 --- [    Test worker] o.h.t.schema.internal.SchemaCreatorImpl  : HHH000476: Executing import script 'org.hibernate.tool.schema.internal.exec.ScriptSourceInputNonExistentImpl@30e25cc2'
2023-11-08 17:46:58.918  INFO 15496 --- [    Test worker] j.LocalContainerEntityManagerFactoryBean : Initialized JPA EntityManagerFactory for persistence unit 'default'
2023-11-08 17:46:59.858  INFO 15496 --- [    Test worker] o.h.h.i.QueryTranslatorFactoryInitiator  : HHH000397: Using ASTQueryTranslatorFactory
2023-11-08 17:47:00.555  INFO 15496 --- [    Test worker] o.s.s.web.DefaultSecurityFilterChain     : Creating filter chain: any request, [org.springframework.security.web.context.request.async.WebAsyncManagerIntegrationFilter@4fba782f, org.springframework.security.web.context.SecurityContextPersistenceFilter@2ff5092d, org.springframework.security.web.header.HeaderWriterFilter@3b7bf4d8, org.springframework.security.web.authentication.logout.LogoutFilter@2d1f57df, org.springframework.security.oauth2.client.web.OAuth2AuthorizationRequestRedirectFilter@15aa39b1, org.springframework.security.oauth2.client.web.OAuth2LoginAuthenticationFilter@158be70e, org.springframework.security.web.authentication.ui.DefaultLoginPageGeneratingFilter@2a249fd7, org.springframework.security.web.authentication.ui.DefaultLogoutPageGeneratingFilter@34fb049e, org.springframework.security.web.savedrequest.RequestCacheAwareFilter@5f534cb9, org.springframework.security.web.servletapi.SecurityContextHolderAwareRequestFilter@3beabebf, org.springframework.security.web.authentication.AnonymousAuthenticationFilter@7e823698, org.springframework.security.web.session.SessionManagementFilter@119009fc, org.springframework.security.web.access.ExceptionTranslationFilter@5fe5f67c, org.springframework.security.web.access.intercept.FilterSecurityInterceptor@69c2a317]
2023-11-08 17:47:01.364  INFO 15496 --- [    Test worker] o.s.s.concurrent.ThreadPoolTaskExecutor  : Initializing ExecutorService 'applicationTaskExecutor'
2023-11-08 17:47:01.393  WARN 15496 --- [    Test worker] aWebConfiguration$JpaWebMvcConfiguration : spring.jpa.open-in-view is enabled by default. Therefore, database queries may be performed during view rendering. Explicitly configure spring.jpa.open-in-view to disable this warning
2023-11-08 17:47:01.464  INFO 15496 --- [    Test worker] o.s.b.a.w.s.WelcomePageHandlerMapping    : Adding welcome page template: index
2023-11-08 17:47:02.465  INFO 15496 --- [    Test worker] s.a.ScheduledAnnotationBeanPostProcessor : No TaskScheduler/ScheduledExecutorService bean found for scheduled processing
2023-11-08 17:47:02.477  INFO 15496 --- [    Test worker] c.j.b.s.d.posts.PostsRepositoryTest      : Started PostsRepositoryTest in 7.716 seconds (JVM running for 14.049)
Hibernate: insert into posts (created_date, modified_date, author, content, title) values (?, ?, ?, ?, ?)
Hibernate: select posts0_.id as id1_0_, posts0_.created_date as created_2_0_, posts0_.modified_date as modified3_0_, posts0_.author as author4_0_, posts0_.content as content5_0_, posts0_.title as title6_0_ from posts posts0_
Hibernate: select posts0_.id as id1_0_, posts0_.created_date as created_2_0_, posts0_.modified_date as modified3_0_, posts0_.author as author4_0_, posts0_.content as content5_0_, posts0_.title as title6_0_ from posts posts0_
Hibernate: delete from posts where id=?
Hibernate: insert into posts (created_date, modified_date, author, content, title) values (?, ?, ?, ?, ?)
Hibernate: select posts0_.id as id1_0_, posts0_.created_date as created_2_0_, posts0_.modified_date as modified3_0_, posts0_.author as author4_0_, posts0_.content as content5_0_, posts0_.title as title6_0_ from posts posts0_
>>>>>>>> createDate=2023-11-08T17:47:02.874,modifiedDated = 2023-11-08T17:47:02.874
Hibernate: select posts0_.id as id1_0_, posts0_.created_date as created_2_0_, posts0_.modified_date as modified3_0_, posts0_.author as author4_0_, posts0_.content as content5_0_, posts0_.title as title6_0_ from posts posts0_
Hibernate: delete from posts where id=?
]]></system-out>
  <system-err><![CDATA[]]></system-err>
</testsuite>
